{
"/Users/cranfills/Projects/Beta/teachers-digital-platform/teachers_digital_platform/tests/js/index.js":{"path":"/Users/cranfills/Projects/Beta/teachers-digital-platform/teachers_digital_platform/tests/js/index.js","s":{"1":1,"2":1,"3":1,"4":1,"5":1,"6":1,"7":1},"b":{},"f":{"1":1,"2":1},"fnMap":{"1":{"name":"(anonymous_1)","line":7,"loc":{"start":{"line":7,"column":21},"end":{"line":7,"column":32}}},"2":{"name":"(anonymous_2)","line":9,"loc":{"start":{"line":9,"column":45},"end":{"line":9,"column":56}}}},"statementMap":{"1":{"start":{"line":2,"column":0},"end":{"line":2,"column":27}},"2":{"start":{"line":3,"column":0},"end":{"line":3,"column":36}},"3":{"start":{"line":5,"column":0},"end":{"line":5,"column":41}},"4":{"start":{"line":7,"column":0},"end":{"line":13,"column":3}},"5":{"start":{"line":9,"column":2},"end":{"line":11,"column":5}},"6":{"start":{"line":10,"column":4},"end":{"line":10,"column":39}},"7":{"start":{"line":10,"column":18},"end":{"line":10,"column":21}}},"branchMap":{},"l":{"2":1,"3":1,"5":1,"7":1,"9":1,"10":1}},
"/Users/cranfills/Projects/Beta/teachers-digital-platform/teachers_digital_platform/tests/js/module1.js":{"path":"/Users/cranfills/Projects/Beta/teachers-digital-platform/teachers_digital_platform/tests/js/module1.js","s":{"1":1,"2":1,"3":1,"4":1,"5":1,"6":1,"7":1},"b":{},"f":{"1":1,"2":1},"fnMap":{"1":{"name":"(anonymous_1)","line":7,"loc":{"start":{"line":7,"column":44},"end":{"line":7,"column":55}}},"2":{"name":"(anonymous_2)","line":9,"loc":{"start":{"line":9,"column":45},"end":{"line":9,"column":56}}}},"statementMap":{"1":{"start":{"line":2,"column":0},"end":{"line":2,"column":27}},"2":{"start":{"line":3,"column":0},"end":{"line":3,"column":36}},"3":{"start":{"line":5,"column":0},"end":{"line":5,"column":46}},"4":{"start":{"line":7,"column":0},"end":{"line":13,"column":3}},"5":{"start":{"line":9,"column":2},"end":{"line":11,"column":5}},"6":{"start":{"line":10,"column":4},"end":{"line":10,"column":49}},"7":{"start":{"line":10,"column":18},"end":{"line":10,"column":31}}},"branchMap":{},"l":{"2":1,"3":1,"5":1,"7":1,"9":1,"10":1}},
"/Users/cranfills/Projects/Beta/teachers-digital-platform/teachers_digital_platform/tests/js/module2.js":{"path":"/Users/cranfills/Projects/Beta/teachers-digital-platform/teachers_digital_platform/tests/js/module2.js","s":{"1":1,"2":1,"3":1,"4":1,"5":1,"6":1,"7":1},"b":{},"f":{"1":1,"2":1},"fnMap":{"1":{"name":"(anonymous_1)","line":7,"loc":{"start":{"line":7,"column":50},"end":{"line":7,"column":61}}},"2":{"name":"(anonymous_2)","line":9,"loc":{"start":{"line":9,"column":45},"end":{"line":9,"column":56}}}},"statementMap":{"1":{"start":{"line":2,"column":0},"end":{"line":2,"column":27}},"2":{"start":{"line":3,"column":0},"end":{"line":3,"column":36}},"3":{"start":{"line":5,"column":0},"end":{"line":5,"column":46}},"4":{"start":{"line":7,"column":0},"end":{"line":13,"column":3}},"5":{"start":{"line":9,"column":2},"end":{"line":11,"column":5}},"6":{"start":{"line":10,"column":4},"end":{"line":10,"column":49}},"7":{"start":{"line":10,"column":18},"end":{"line":10,"column":31}}},"branchMap":{},"l":{"2":1,"3":1,"5":1,"7":1,"9":1,"10":1}}}
